<?xml version="1.0" encoding="UTF-8"?>
<!-- Generated by org.testng.reporters.JUnitReportReporter -->
<testsuite skipped="0" hostname="hp-PC" name="MagentoTest" tests="1" failures="0" timestamp="22 Jan 2019 13:40:06 GMT" time="160.745" errors="0">
  <testcase name="openBrowser" time="160.745" classname="MagentoTest"/>
</testsuite> <!-- MagentoTest -->
